<?xml version="1.0" encoding="UTF-8"?>
<testng-results skipped="0" failed="3" ignored="0" total="11" passed="8">
  <reporter-output>
  </reporter-output>
  <suite name="Suite" duration-ms="79000" started-at="2020-02-03T15:13:04 IST" finished-at="2020-02-03T15:14:23 IST">
    <groups>
    </groups>
    <test name="Test Cases for users" duration-ms="19789" started-at="2020-02-03T15:13:04 IST" finished-at="2020-02-03T15:13:24 IST">
      <class name="com.freenow.testcases.TC01_Users">
        <test-method status="PASS" signature="verifyToGetUserID()[pri:1, instance:com.freenow.testcases.TC01_Users@5fbdc49b]" name="verifyToGetUserID" duration-ms="4762" started-at="2020-02-03T15:13:05 IST" description="finding User ID id when username known" finished-at="2020-02-03T15:13:09 IST">
          <reporter-output>
          </reporter-output>
        </test-method> <!-- verifyToGetUserID -->
        <test-method status="PASS" signature="verifyToUserEmailAddress()[pri:2, instance:com.freenow.testcases.TC01_Users@5fbdc49b]" name="verifyToUserEmailAddress" duration-ms="666" started-at="2020-02-03T15:13:09 IST" description="to verify email address is proper and Unique user Id" finished-at="2020-02-03T15:13:10 IST">
          <reporter-output>
          </reporter-output>
        </test-method> <!-- verifyToUserEmailAddress -->
        <test-method status="PASS" signature="createNewUser(java.lang.String, java.lang.String, java.lang.String, java.lang.String, java.lang.String, java.lang.String, java.lang.String, java.lang.String, java.lang.String, java.lang.String, java.lang.String, java.lang.String, java.lang.String, java.lang.String, java.lang.String)[pri:3, instance:com.freenow.testcases.TC01_Users@5fbdc49b]" name="createNewUser" duration-ms="7922" started-at="2020-02-03T15:13:11 IST" description="to verify email address is proper and Unique user Id" data-provider="user" finished-at="2020-02-03T15:13:19 IST">
          <params>
            <param index="0">
              <value>
                <![CDATA[12]]>
              </value>
            </param>
            <param index="1">
              <value>
                <![CDATA[Jesaa]]>
              </value>
            </param>
            <param index="2">
              <value>
                <![CDATA[Jessa123]]>
              </value>
            </param>
            <param index="3">
              <value>
                <![CDATA[jessa@freenow.com]]>
              </value>
            </param>
            <param index="4">
              <value>
                <![CDATA[lone Villa]]>
              </value>
            </param>
            <param index="5">
              <value>
                <![CDATA[come 123]]>
              </value>
            </param>
            <param index="6">
              <value>
                <![CDATA[Hamburg]]>
              </value>
            </param>
            <param index="7">
              <value>
                <![CDATA[1234423]]>
              </value>
            </param>
            <param index="8">
              <value>
                <![CDATA[123]]>
              </value>
            </param>
            <param index="9">
              <value>
                <![CDATA[754]]>
              </value>
            </param>
            <param index="10">
              <value>
                <![CDATA[2147483647]]>
              </value>
            </param>
            <param index="11">
              <value>
                <![CDATA[abc.com]]>
              </value>
            </param>
            <param index="12">
              <value>
                <![CDATA[free now]]>
              </value>
            </param>
            <param index="13">
              <value>
                <![CDATA[asd]]>
              </value>
            </param>
            <param index="14">
              <value>
                <![CDATA[jsdk]]>
              </value>
            </param>
          </params>
          <reporter-output>
          </reporter-output>
        </test-method> <!-- createNewUser -->
        <test-method status="FAIL" signature="getCreateNewUserDetails(java.lang.String, java.lang.String, java.lang.String, java.lang.String, java.lang.String, java.lang.String, java.lang.String, java.lang.String, java.lang.String, java.lang.String, java.lang.String, java.lang.String, java.lang.String, java.lang.String, java.lang.String)[pri:3, instance:com.freenow.testcases.TC01_Users@5fbdc49b]" name="getCreateNewUserDetails" duration-ms="5633" started-at="2020-02-03T15:13:19 IST" description="to verify email address is proper and Unique user Id" data-provider="user" finished-at="2020-02-03T15:13:24 IST">
          <params>
            <param index="0">
              <value>
                <![CDATA[12]]>
              </value>
            </param>
            <param index="1">
              <value>
                <![CDATA[Jesaa]]>
              </value>
            </param>
            <param index="2">
              <value>
                <![CDATA[Jessa123]]>
              </value>
            </param>
            <param index="3">
              <value>
                <![CDATA[jessa@freenow.com]]>
              </value>
            </param>
            <param index="4">
              <value>
                <![CDATA[lone Villa]]>
              </value>
            </param>
            <param index="5">
              <value>
                <![CDATA[come 123]]>
              </value>
            </param>
            <param index="6">
              <value>
                <![CDATA[Hamburg]]>
              </value>
            </param>
            <param index="7">
              <value>
                <![CDATA[1234423]]>
              </value>
            </param>
            <param index="8">
              <value>
                <![CDATA[123]]>
              </value>
            </param>
            <param index="9">
              <value>
                <![CDATA[754]]>
              </value>
            </param>
            <param index="10">
              <value>
                <![CDATA[2147483647]]>
              </value>
            </param>
            <param index="11">
              <value>
                <![CDATA[abc.com]]>
              </value>
            </param>
            <param index="12">
              <value>
                <![CDATA[free now]]>
              </value>
            </param>
            <param index="13">
              <value>
                <![CDATA[asd]]>
              </value>
            </param>
            <param index="14">
              <value>
                <![CDATA[jsdk]]>
              </value>
            </param>
          </params>
          <exception class="java.lang.AssertionError">
            <message>
              <![CDATA[response is not 200 expected [404] but found [200]]]>
            </message>
            <full-stacktrace>
              <![CDATA[java.lang.AssertionError: response is not 200 expected [404] but found [200]
at org.testng.Assert.fail(Assert.java:97)
at org.testng.Assert.assertEqualsImpl(Assert.java:136)
at org.testng.Assert.assertEquals(Assert.java:118)
at org.testng.Assert.assertEquals(Assert.java:839)
at com.freenow.testcases.TC01_Users.getCreateNewUserDetails(TC01_Users.java:159)
at sun.reflect.NativeMethodAccessorImpl.invoke0(Native Method)
at sun.reflect.NativeMethodAccessorImpl.invoke(NativeMethodAccessorImpl.java:62)
at sun.reflect.DelegatingMethodAccessorImpl.invoke(DelegatingMethodAccessorImpl.java:43)
at java.lang.reflect.Method.invoke(Method.java:498)
at org.testng.internal.MethodInvocationHelper.invokeMethod(MethodInvocationHelper.java:133)
at org.testng.internal.TestInvoker.invokeMethod(TestInvoker.java:584)
at org.testng.internal.TestInvoker.invokeTestMethod(TestInvoker.java:172)
at org.testng.internal.MethodRunner.runInSequence(MethodRunner.java:46)
at org.testng.internal.TestInvoker$MethodInvocationAgent.invoke(TestInvoker.java:804)
at org.testng.internal.TestInvoker.invokeTestMethods(TestInvoker.java:145)
at org.testng.internal.TestMethodWorker.invokeTestMethods(TestMethodWorker.java:146)
at org.testng.internal.TestMethodWorker.run(TestMethodWorker.java:128)
at java.util.ArrayList.forEach(ArrayList.java:1257)
at org.testng.TestRunner.privateRun(TestRunner.java:770)
at org.testng.TestRunner.run(TestRunner.java:591)
at org.testng.SuiteRunner.runTest(SuiteRunner.java:402)
at org.testng.SuiteRunner.runSequentially(SuiteRunner.java:396)
at org.testng.SuiteRunner.privateRun(SuiteRunner.java:355)
at org.testng.SuiteRunner.run(SuiteRunner.java:304)
at org.testng.SuiteRunnerWorker.runSuite(SuiteRunnerWorker.java:53)
at org.testng.SuiteRunnerWorker.run(SuiteRunnerWorker.java:96)
at org.testng.TestNG.runSuitesSequentially(TestNG.java:1180)
at org.testng.TestNG.runSuitesLocally(TestNG.java:1102)
at org.testng.TestNG.runSuites(TestNG.java:1032)
at org.testng.TestNG.run(TestNG.java:1000)
at org.apache.maven.surefire.testng.TestNGExecutor.run(TestNGExecutor.java:122)
at org.apache.maven.surefire.testng.TestNGXmlTestSuite.execute(TestNGXmlTestSuite.java:88)
at org.apache.maven.surefire.testng.TestNGProvider.invoke(TestNGProvider.java:104)
at sun.reflect.NativeMethodAccessorImpl.invoke0(Native Method)
at sun.reflect.NativeMethodAccessorImpl.invoke(NativeMethodAccessorImpl.java:62)
at sun.reflect.DelegatingMethodAccessorImpl.invoke(DelegatingMethodAccessorImpl.java:43)
at java.lang.reflect.Method.invoke(Method.java:498)
at org.apache.maven.surefire.booter.ProviderFactory$ClassLoaderProxy.invoke(ProviderFactory.java:103)
at com.sun.proxy.$Proxy0.invoke(Unknown Source)
at org.apache.maven.surefire.booter.SurefireStarter.invokeProvider(SurefireStarter.java:150)
at org.apache.maven.surefire.booter.SurefireStarter.runSuitesInProcess(SurefireStarter.java:91)
at org.apache.maven.surefire.booter.ForkedBooter.main(ForkedBooter.java:69)
]]>
            </full-stacktrace>
          </exception> <!-- java.lang.AssertionError -->
          <reporter-output>
          </reporter-output>
        </test-method> <!-- getCreateNewUserDetails -->
      </class> <!-- com.freenow.testcases.TC01_Users -->
    </test> <!-- Test Cases for users -->
    <test name="Test Cases Posts" duration-ms="15280" started-at="2020-02-03T15:13:24 IST" finished-at="2020-02-03T15:13:40 IST">
      <class name="com.freenow.testcases.TC02_Posts">
        <test-method status="PASS" signature="verifyToGetPostIds()[pri:1, instance:com.freenow.testcases.TC02_Posts@459b187a]" name="verifyToGetPostIds" duration-ms="1172" started-at="2020-02-03T15:13:24 IST" description="verify all post IDs and its duplication" finished-at="2020-02-03T15:13:25 IST">
          <reporter-output>
          </reporter-output>
        </test-method> <!-- verifyToGetPostIds -->
        <test-method status="PASS" signature="createNewUser(java.lang.String, java.lang.String, java.lang.String, java.lang.String)[pri:2, instance:com.freenow.testcases.TC02_Posts@459b187a]" name="createNewUser" duration-ms="4156" started-at="2020-02-03T15:13:25 IST" description="to create dummy post data" data-provider="post" finished-at="2020-02-03T15:13:30 IST">
          <params>
            <param index="0">
              <value>
                <![CDATA[3]]>
              </value>
            </param>
            <param index="1">
              <value>
                <![CDATA[1]]>
              </value>
            </param>
            <param index="2">
              <value>
                <![CDATA[dummy api data]]>
              </value>
            </param>
            <param index="3">
              <value>
                <![CDATA[dummy api data]]>
              </value>
            </param>
          </params>
          <reporter-output>
          </reporter-output>
        </test-method> <!-- createNewUser -->
        <test-method status="PASS" signature="createNewUser(java.lang.String, java.lang.String, java.lang.String, java.lang.String)[pri:2, instance:com.freenow.testcases.TC02_Posts@459b187a]" name="createNewUser" duration-ms="3551" started-at="2020-02-03T15:13:30 IST" description="to create dummy post data" data-provider="post" finished-at="2020-02-03T15:13:33 IST">
          <params>
            <param index="0">
              <value>
                <![CDATA[3]]>
              </value>
            </param>
            <param index="1">
              <value>
                <![CDATA[0]]>
              </value>
            </param>
            <param index="2">
              <value>
                <![CDATA[dummy api data]]>
              </value>
            </param>
            <param index="3">
              <value>
                <![CDATA[dummy api data]]>
              </value>
            </param>
          </params>
          <reporter-output>
          </reporter-output>
        </test-method> <!-- createNewUser -->
        <test-method status="FAIL" signature="getResponseFromCreatedNewUser(java.lang.String, java.lang.String, java.lang.String, java.lang.String)[pri:3, instance:com.freenow.testcases.TC02_Posts@459b187a]" name="getResponseFromCreatedNewUser" duration-ms="4617" started-at="2020-02-03T15:13:33 IST" description="get response from newly created post" data-provider="post" finished-at="2020-02-03T15:13:38 IST">
          <params>
            <param index="0">
              <value>
                <![CDATA[3]]>
              </value>
            </param>
            <param index="1">
              <value>
                <![CDATA[1]]>
              </value>
            </param>
            <param index="2">
              <value>
                <![CDATA[dummy api data]]>
              </value>
            </param>
            <param index="3">
              <value>
                <![CDATA[dummy api data]]>
              </value>
            </param>
          </params>
          <exception class="java.lang.AssertionError">
            <message>
              <![CDATA[ Status code is not 200 expected [404] but found [200]]]>
            </message>
            <full-stacktrace>
              <![CDATA[java.lang.AssertionError:  Status code is not 200 expected [404] but found [200]
at org.testng.Assert.fail(Assert.java:97)
at org.testng.Assert.assertEqualsImpl(Assert.java:136)
at org.testng.Assert.assertEquals(Assert.java:118)
at org.testng.Assert.assertEquals(Assert.java:839)
at com.freenow.testcases.TC02_Posts.getResponseFromCreatedNewUser(TC02_Posts.java:126)
at sun.reflect.NativeMethodAccessorImpl.invoke0(Native Method)
at sun.reflect.NativeMethodAccessorImpl.invoke(NativeMethodAccessorImpl.java:62)
at sun.reflect.DelegatingMethodAccessorImpl.invoke(DelegatingMethodAccessorImpl.java:43)
at java.lang.reflect.Method.invoke(Method.java:498)
at org.testng.internal.MethodInvocationHelper.invokeMethod(MethodInvocationHelper.java:133)
at org.testng.internal.TestInvoker.invokeMethod(TestInvoker.java:584)
at org.testng.internal.TestInvoker.invokeTestMethod(TestInvoker.java:172)
at org.testng.internal.MethodRunner.runInSequence(MethodRunner.java:46)
at org.testng.internal.TestInvoker$MethodInvocationAgent.invoke(TestInvoker.java:804)
at org.testng.internal.TestInvoker.invokeTestMethods(TestInvoker.java:145)
at org.testng.internal.TestMethodWorker.invokeTestMethods(TestMethodWorker.java:146)
at org.testng.internal.TestMethodWorker.run(TestMethodWorker.java:128)
at java.util.ArrayList.forEach(ArrayList.java:1257)
at org.testng.TestRunner.privateRun(TestRunner.java:770)
at org.testng.TestRunner.run(TestRunner.java:591)
at org.testng.SuiteRunner.runTest(SuiteRunner.java:402)
at org.testng.SuiteRunner.runSequentially(SuiteRunner.java:396)
at org.testng.SuiteRunner.privateRun(SuiteRunner.java:355)
at org.testng.SuiteRunner.run(SuiteRunner.java:304)
at org.testng.SuiteRunnerWorker.runSuite(SuiteRunnerWorker.java:53)
at org.testng.SuiteRunnerWorker.run(SuiteRunnerWorker.java:96)
at org.testng.TestNG.runSuitesSequentially(TestNG.java:1180)
at org.testng.TestNG.runSuitesLocally(TestNG.java:1102)
at org.testng.TestNG.runSuites(TestNG.java:1032)
at org.testng.TestNG.run(TestNG.java:1000)
at org.apache.maven.surefire.testng.TestNGExecutor.run(TestNGExecutor.java:122)
at org.apache.maven.surefire.testng.TestNGXmlTestSuite.execute(TestNGXmlTestSuite.java:88)
at org.apache.maven.surefire.testng.TestNGProvider.invoke(TestNGProvider.java:104)
at sun.reflect.NativeMethodAccessorImpl.invoke0(Native Method)
at sun.reflect.NativeMethodAccessorImpl.invoke(NativeMethodAccessorImpl.java:62)
at sun.reflect.DelegatingMethodAccessorImpl.invoke(DelegatingMethodAccessorImpl.java:43)
at java.lang.reflect.Method.invoke(Method.java:498)
at org.apache.maven.surefire.booter.ProviderFactory$ClassLoaderProxy.invoke(ProviderFactory.java:103)
at com.sun.proxy.$Proxy0.invoke(Unknown Source)
at org.apache.maven.surefire.booter.SurefireStarter.invokeProvider(SurefireStarter.java:150)
at org.apache.maven.surefire.booter.SurefireStarter.runSuitesInProcess(SurefireStarter.java:91)
at org.apache.maven.surefire.booter.ForkedBooter.main(ForkedBooter.java:69)
]]>
            </full-stacktrace>
          </exception> <!-- java.lang.AssertionError -->
          <reporter-output>
          </reporter-output>
        </test-method> <!-- getResponseFromCreatedNewUser -->
        <test-method status="FAIL" signature="getResponseFromCreatedNewUser(java.lang.String, java.lang.String, java.lang.String, java.lang.String)[pri:3, instance:com.freenow.testcases.TC02_Posts@459b187a]" name="getResponseFromCreatedNewUser" duration-ms="1717" started-at="2020-02-03T15:13:38 IST" description="get response from newly created post" data-provider="post" finished-at="2020-02-03T15:13:40 IST">
          <params>
            <param index="0">
              <value>
                <![CDATA[3]]>
              </value>
            </param>
            <param index="1">
              <value>
                <![CDATA[0]]>
              </value>
            </param>
            <param index="2">
              <value>
                <![CDATA[dummy api data]]>
              </value>
            </param>
            <param index="3">
              <value>
                <![CDATA[dummy api data]]>
              </value>
            </param>
          </params>
          <exception class="java.lang.AssertionError">
            <message>
              <![CDATA[ Status code is not 200 expected [404] but found [200]]]>
            </message>
            <full-stacktrace>
              <![CDATA[java.lang.AssertionError:  Status code is not 200 expected [404] but found [200]
at org.testng.Assert.fail(Assert.java:97)
at org.testng.Assert.assertEqualsImpl(Assert.java:136)
at org.testng.Assert.assertEquals(Assert.java:118)
at org.testng.Assert.assertEquals(Assert.java:839)
at com.freenow.testcases.TC02_Posts.getResponseFromCreatedNewUser(TC02_Posts.java:126)
at sun.reflect.NativeMethodAccessorImpl.invoke0(Native Method)
at sun.reflect.NativeMethodAccessorImpl.invoke(NativeMethodAccessorImpl.java:62)
at sun.reflect.DelegatingMethodAccessorImpl.invoke(DelegatingMethodAccessorImpl.java:43)
at java.lang.reflect.Method.invoke(Method.java:498)
at org.testng.internal.MethodInvocationHelper.invokeMethod(MethodInvocationHelper.java:133)
at org.testng.internal.TestInvoker.invokeMethod(TestInvoker.java:584)
at org.testng.internal.TestInvoker.invokeTestMethod(TestInvoker.java:172)
at org.testng.internal.MethodRunner.runInSequence(MethodRunner.java:46)
at org.testng.internal.TestInvoker$MethodInvocationAgent.invoke(TestInvoker.java:804)
at org.testng.internal.TestInvoker.invokeTestMethods(TestInvoker.java:145)
at org.testng.internal.TestMethodWorker.invokeTestMethods(TestMethodWorker.java:146)
at org.testng.internal.TestMethodWorker.run(TestMethodWorker.java:128)
at java.util.ArrayList.forEach(ArrayList.java:1257)
at org.testng.TestRunner.privateRun(TestRunner.java:770)
at org.testng.TestRunner.run(TestRunner.java:591)
at org.testng.SuiteRunner.runTest(SuiteRunner.java:402)
at org.testng.SuiteRunner.runSequentially(SuiteRunner.java:396)
at org.testng.SuiteRunner.privateRun(SuiteRunner.java:355)
at org.testng.SuiteRunner.run(SuiteRunner.java:304)
at org.testng.SuiteRunnerWorker.runSuite(SuiteRunnerWorker.java:53)
at org.testng.SuiteRunnerWorker.run(SuiteRunnerWorker.java:96)
at org.testng.TestNG.runSuitesSequentially(TestNG.java:1180)
at org.testng.TestNG.runSuitesLocally(TestNG.java:1102)
at org.testng.TestNG.runSuites(TestNG.java:1032)
at org.testng.TestNG.run(TestNG.java:1000)
at org.apache.maven.surefire.testng.TestNGExecutor.run(TestNGExecutor.java:122)
at org.apache.maven.surefire.testng.TestNGXmlTestSuite.execute(TestNGXmlTestSuite.java:88)
at org.apache.maven.surefire.testng.TestNGProvider.invoke(TestNGProvider.java:104)
at sun.reflect.NativeMethodAccessorImpl.invoke0(Native Method)
at sun.reflect.NativeMethodAccessorImpl.invoke(NativeMethodAccessorImpl.java:62)
at sun.reflect.DelegatingMethodAccessorImpl.invoke(DelegatingMethodAccessorImpl.java:43)
at java.lang.reflect.Method.invoke(Method.java:498)
at org.apache.maven.surefire.booter.ProviderFactory$ClassLoaderProxy.invoke(ProviderFactory.java:103)
at com.sun.proxy.$Proxy0.invoke(Unknown Source)
at org.apache.maven.surefire.booter.SurefireStarter.invokeProvider(SurefireStarter.java:150)
at org.apache.maven.surefire.booter.SurefireStarter.runSuitesInProcess(SurefireStarter.java:91)
at org.apache.maven.surefire.booter.ForkedBooter.main(ForkedBooter.java:69)
]]>
            </full-stacktrace>
          </exception> <!-- java.lang.AssertionError -->
          <reporter-output>
          </reporter-output>
        </test-method> <!-- getResponseFromCreatedNewUser -->
      </class> <!-- com.freenow.testcases.TC02_Posts -->
    </test> <!-- Test Cases Posts -->
    <test name="Test Cases" duration-ms="43876" started-at="2020-02-03T15:13:40 IST" finished-at="2020-02-03T15:14:23 IST">
      <class name="com.freenow.testcases.TC03_Comments">
        <test-method status="PASS" signature="verifyToGetCommentsOnUserEachPost()[pri:0, instance:com.freenow.testcases.TC03_Comments@64b3b1ce]" name="verifyToGetCommentsOnUserEachPost" duration-ms="7854" started-at="2020-02-03T15:13:40 IST" description="validating all emails which is comments by people for each post" finished-at="2020-02-03T15:13:47 IST">
          <reporter-output>
          </reporter-output>
        </test-method> <!-- verifyToGetCommentsOnUserEachPost -->
        <test-method status="PASS" signature="createNewComment()[pri:2, instance:com.freenow.testcases.TC03_Comments@64b3b1ce]" name="createNewComment" duration-ms="36021" started-at="2020-02-03T15:13:47 IST" description="make comment on each post of the user" finished-at="2020-02-03T15:14:23 IST">
          <reporter-output>
          </reporter-output>
        </test-method> <!-- createNewComment -->
      </class> <!-- com.freenow.testcases.TC03_Comments -->
    </test> <!-- Test Cases -->
  </suite> <!-- Suite -->
</testng-results>
